mode: set
github.com/abdiltegar/image-processing/main.go:9.13,20.16 6 0
github.com/abdiltegar/image-processing/main.go:20.16,21.13 1 0
github.com/abdiltegar/image-processing/src/helper/remove_extension.go:5.46,7.2 1 0
github.com/abdiltegar/image-processing/src/repository/image_repository.go:18.48,20.2 1 0
github.com/abdiltegar/image-processing/src/repository/image_repository.go:22.97,25.16 2 0
github.com/abdiltegar/image-processing/src/repository/image_repository.go:25.16,27.3 1 0
github.com/abdiltegar/image-processing/src/repository/image_repository.go:28.2,31.16 3 0
github.com/abdiltegar/image-processing/src/repository/image_repository.go:31.16,33.3 1 0
github.com/abdiltegar/image-processing/src/repository/image_repository.go:36.2,39.16 4 0
github.com/abdiltegar/image-processing/src/repository/image_repository.go:39.16,41.3 1 0
github.com/abdiltegar/image-processing/src/repository/image_repository.go:43.2,43.26 1 0
github.com/abdiltegar/image-processing/src/usecase/image_usecase.go:25.76,29.2 1 0
github.com/abdiltegar/image-processing/src/usecase/image_usecase.go:31.94,33.16 2 0
github.com/abdiltegar/image-processing/src/usecase/image_usecase.go:33.16,35.3 1 0
github.com/abdiltegar/image-processing/src/usecase/image_usecase.go:38.2,39.17 2 0
github.com/abdiltegar/image-processing/src/usecase/image_usecase.go:39.17,41.3 1 0
github.com/abdiltegar/image-processing/src/usecase/image_usecase.go:42.2,47.9 4 0
github.com/abdiltegar/image-processing/src/usecase/image_usecase.go:47.9,49.3 1 0
github.com/abdiltegar/image-processing/src/usecase/image_usecase.go:52.2,54.56 2 0
github.com/abdiltegar/image-processing/src/usecase/image_usecase.go:57.104,59.16 2 0
github.com/abdiltegar/image-processing/src/usecase/image_usecase.go:59.16,61.3 1 0
github.com/abdiltegar/image-processing/src/usecase/image_usecase.go:64.2,65.17 2 0
github.com/abdiltegar/image-processing/src/usecase/image_usecase.go:65.17,67.3 1 0
github.com/abdiltegar/image-processing/src/usecase/image_usecase.go:68.2,77.9 6 0
github.com/abdiltegar/image-processing/src/usecase/image_usecase.go:77.9,79.3 1 0
github.com/abdiltegar/image-processing/src/usecase/image_usecase.go:82.2,84.56 2 0
github.com/abdiltegar/image-processing/src/usecase/image_usecase.go:87.87,89.16 2 0
github.com/abdiltegar/image-processing/src/usecase/image_usecase.go:89.16,91.3 1 0
github.com/abdiltegar/image-processing/src/usecase/image_usecase.go:94.2,95.17 2 0
github.com/abdiltegar/image-processing/src/usecase/image_usecase.go:95.17,97.3 1 0
github.com/abdiltegar/image-processing/src/usecase/image_usecase.go:98.2,105.16 4 0
github.com/abdiltegar/image-processing/src/usecase/image_usecase.go:105.16,107.3 1 0
github.com/abdiltegar/image-processing/src/usecase/image_usecase.go:109.2,110.16 2 0
github.com/abdiltegar/image-processing/src/usecase/image_usecase.go:110.16,112.3 1 0
github.com/abdiltegar/image-processing/src/usecase/image_usecase.go:115.2,117.9 3 0
github.com/abdiltegar/image-processing/src/usecase/image_usecase.go:117.9,119.3 1 0
github.com/abdiltegar/image-processing/src/usecase/image_usecase.go:122.2,124.56 2 0
github.com/abdiltegar/image-processing/src/http/route/route.go:15.31,22.2 5 0
github.com/abdiltegar/image-processing/src/http/controller/image_controller.go:13.77,17.2 1 0
github.com/abdiltegar/image-processing/src/http/controller/image_controller.go:19.66,22.16 2 0
github.com/abdiltegar/image-processing/src/http/controller/image_controller.go:22.16,26.3 1 0
github.com/abdiltegar/image-processing/src/http/controller/image_controller.go:29.2,30.16 2 0
github.com/abdiltegar/image-processing/src/http/controller/image_controller.go:30.16,34.3 1 0
github.com/abdiltegar/image-processing/src/http/controller/image_controller.go:36.2,39.4 1 0
github.com/abdiltegar/image-processing/src/http/controller/image_controller.go:42.65,47.16 3 0
github.com/abdiltegar/image-processing/src/http/controller/image_controller.go:47.16,51.3 1 0
github.com/abdiltegar/image-processing/src/http/controller/image_controller.go:54.2,55.16 2 0
github.com/abdiltegar/image-processing/src/http/controller/image_controller.go:55.16,59.3 1 0
github.com/abdiltegar/image-processing/src/http/controller/image_controller.go:62.2,63.16 2 0
github.com/abdiltegar/image-processing/src/http/controller/image_controller.go:63.16,67.3 1 0
github.com/abdiltegar/image-processing/src/http/controller/image_controller.go:69.2,72.4 1 0
github.com/abdiltegar/image-processing/src/http/controller/image_controller.go:75.67,78.16 2 0
github.com/abdiltegar/image-processing/src/http/controller/image_controller.go:78.16,82.3 1 0
github.com/abdiltegar/image-processing/src/http/controller/image_controller.go:85.2,86.16 2 0
github.com/abdiltegar/image-processing/src/http/controller/image_controller.go:86.16,90.3 1 0
github.com/abdiltegar/image-processing/src/http/controller/image_controller.go:92.2,95.4 1 0
github.com/abdiltegar/image-processing/src/config/app.go:17.41,32.2 5 0
github.com/abdiltegar/image-processing/src/config/fiber.go:9.47,17.2 2 0
github.com/abdiltegar/image-processing/src/config/fiber.go:19.43,20.47 1 0
github.com/abdiltegar/image-processing/src/config/fiber.go:20.47,22.38 2 0
github.com/abdiltegar/image-processing/src/config/fiber.go:22.38,24.4 1 0
github.com/abdiltegar/image-processing/src/config/fiber.go:26.3,28.5 1 0
github.com/abdiltegar/image-processing/src/config/viper.go:9.30,18.16 7 0
github.com/abdiltegar/image-processing/src/config/viper.go:18.16,19.57 1 0
github.com/abdiltegar/image-processing/src/config/viper.go:22.2,22.15 1 0
github.com/abdiltegar/image-processing/src/config/app.go:17.41,32.2 5 1
github.com/abdiltegar/image-processing/src/config/fiber.go:9.47,17.2 2 1
github.com/abdiltegar/image-processing/src/config/fiber.go:19.43,20.47 1 1
github.com/abdiltegar/image-processing/src/config/fiber.go:20.47,22.38 2 0
github.com/abdiltegar/image-processing/src/config/fiber.go:22.38,24.4 1 0
github.com/abdiltegar/image-processing/src/config/fiber.go:26.3,28.5 1 0
github.com/abdiltegar/image-processing/src/config/viper.go:9.30,18.16 7 1
github.com/abdiltegar/image-processing/src/config/viper.go:18.16,19.57 1 0
github.com/abdiltegar/image-processing/src/config/viper.go:22.2,22.15 1 1
github.com/abdiltegar/image-processing/src/helper/remove_extension.go:5.46,7.2 1 1
github.com/abdiltegar/image-processing/src/http/controller/image_controller.go:13.77,17.2 1 1
github.com/abdiltegar/image-processing/src/http/controller/image_controller.go:19.66,22.16 2 1
github.com/abdiltegar/image-processing/src/http/controller/image_controller.go:22.16,26.3 1 1
github.com/abdiltegar/image-processing/src/http/controller/image_controller.go:29.2,30.16 2 1
github.com/abdiltegar/image-processing/src/http/controller/image_controller.go:30.16,34.3 1 0
github.com/abdiltegar/image-processing/src/http/controller/image_controller.go:36.2,39.4 1 1
github.com/abdiltegar/image-processing/src/http/controller/image_controller.go:42.65,47.16 3 1
github.com/abdiltegar/image-processing/src/http/controller/image_controller.go:47.16,51.3 1 0
github.com/abdiltegar/image-processing/src/http/controller/image_controller.go:54.2,55.16 2 1
github.com/abdiltegar/image-processing/src/http/controller/image_controller.go:55.16,59.3 1 1
github.com/abdiltegar/image-processing/src/http/controller/image_controller.go:62.2,63.16 2 1
github.com/abdiltegar/image-processing/src/http/controller/image_controller.go:63.16,67.3 1 0
github.com/abdiltegar/image-processing/src/http/controller/image_controller.go:69.2,72.4 1 1
github.com/abdiltegar/image-processing/src/http/controller/image_controller.go:75.67,78.16 2 1
github.com/abdiltegar/image-processing/src/http/controller/image_controller.go:78.16,82.3 1 1
github.com/abdiltegar/image-processing/src/http/controller/image_controller.go:85.2,86.16 2 1
github.com/abdiltegar/image-processing/src/http/controller/image_controller.go:86.16,90.3 1 0
github.com/abdiltegar/image-processing/src/http/controller/image_controller.go:92.2,95.4 1 1
github.com/abdiltegar/image-processing/src/http/route/route.go:15.31,22.2 5 1
github.com/abdiltegar/image-processing/src/repository/image_repository.go:18.48,20.2 1 1
github.com/abdiltegar/image-processing/src/repository/image_repository.go:22.97,25.16 2 1
github.com/abdiltegar/image-processing/src/repository/image_repository.go:25.16,27.3 1 0
github.com/abdiltegar/image-processing/src/repository/image_repository.go:28.2,31.16 3 1
github.com/abdiltegar/image-processing/src/repository/image_repository.go:31.16,33.3 1 0
github.com/abdiltegar/image-processing/src/repository/image_repository.go:36.2,39.16 4 1
github.com/abdiltegar/image-processing/src/repository/image_repository.go:39.16,41.3 1 0
github.com/abdiltegar/image-processing/src/repository/image_repository.go:43.2,43.26 1 1
github.com/abdiltegar/image-processing/src/usecase/image_usecase.go:25.76,29.2 1 1
github.com/abdiltegar/image-processing/src/usecase/image_usecase.go:31.94,33.16 2 1
github.com/abdiltegar/image-processing/src/usecase/image_usecase.go:33.16,35.3 1 0
github.com/abdiltegar/image-processing/src/usecase/image_usecase.go:38.2,39.17 2 1
github.com/abdiltegar/image-processing/src/usecase/image_usecase.go:39.17,41.3 1 0
github.com/abdiltegar/image-processing/src/usecase/image_usecase.go:42.2,47.9 4 1
github.com/abdiltegar/image-processing/src/usecase/image_usecase.go:47.9,49.3 1 0
github.com/abdiltegar/image-processing/src/usecase/image_usecase.go:52.2,54.56 2 1
github.com/abdiltegar/image-processing/src/usecase/image_usecase.go:57.104,59.16 2 1
github.com/abdiltegar/image-processing/src/usecase/image_usecase.go:59.16,61.3 1 0
github.com/abdiltegar/image-processing/src/usecase/image_usecase.go:64.2,65.17 2 1
github.com/abdiltegar/image-processing/src/usecase/image_usecase.go:65.17,67.3 1 0
github.com/abdiltegar/image-processing/src/usecase/image_usecase.go:68.2,77.9 6 1
github.com/abdiltegar/image-processing/src/usecase/image_usecase.go:77.9,79.3 1 0
github.com/abdiltegar/image-processing/src/usecase/image_usecase.go:82.2,84.56 2 1
github.com/abdiltegar/image-processing/src/usecase/image_usecase.go:87.87,89.16 2 1
github.com/abdiltegar/image-processing/src/usecase/image_usecase.go:89.16,91.3 1 0
github.com/abdiltegar/image-processing/src/usecase/image_usecase.go:94.2,95.17 2 1
github.com/abdiltegar/image-processing/src/usecase/image_usecase.go:95.17,97.3 1 0
github.com/abdiltegar/image-processing/src/usecase/image_usecase.go:98.2,105.16 4 1
github.com/abdiltegar/image-processing/src/usecase/image_usecase.go:105.16,107.3 1 0
github.com/abdiltegar/image-processing/src/usecase/image_usecase.go:109.2,110.16 2 1
github.com/abdiltegar/image-processing/src/usecase/image_usecase.go:110.16,112.3 1 0
github.com/abdiltegar/image-processing/src/usecase/image_usecase.go:115.2,117.9 3 1
github.com/abdiltegar/image-processing/src/usecase/image_usecase.go:117.9,119.3 1 0
github.com/abdiltegar/image-processing/src/usecase/image_usecase.go:122.2,124.56 2 1
github.com/abdiltegar/image-processing/test/init.go:13.13,21.2 3 1
